nohup: ignoring input
Starting CodeAtlas Engine...
Defaulting to user installation because normal site-packages is not writeable
Requirement already satisfied: fastapi in /home/marc/.local/lib/python3.13/site-packages (from -r requirements.txt (line 1)) (0.109.0)
Requirement already satisfied: uvicorn in /home/marc/.local/lib/python3.13/site-packages (from -r requirements.txt (line 2)) (0.27.0)
Requirement already satisfied: websockets in /home/marc/.local/lib/python3.13/site-packages (from -r requirements.txt (line 3)) (15.0.1)
Requirement already satisfied: networkx in /home/marc/.local/lib/python3.13/site-packages (from -r requirements.txt (line 4)) (3.6.1)
Requirement already satisfied: tree-sitter in /home/marc/.local/lib/python3.13/site-packages (from -r requirements.txt (line 5)) (0.25.2)
Requirement already satisfied: python-multipart in /home/marc/.local/lib/python3.13/site-packages (from -r requirements.txt (line 6)) (0.0.6)
Requirement already satisfied: pydantic!=1.8,!=1.8.1,!=2.0.0,!=2.0.1,!=2.1.0,<3.0.0,>=1.7.4 in /home/marc/.local/lib/python3.13/site-packages (from fastapi->-r requirements.txt (line 1)) (2.12.4)
Requirement already satisfied: starlette<0.36.0,>=0.35.0 in /home/marc/.local/lib/python3.13/site-packages (from fastapi->-r requirements.txt (line 1)) (0.35.1)
Requirement already satisfied: typing-extensions>=4.8.0 in /home/marc/.local/lib/python3.13/site-packages (from fastapi->-r requirements.txt (line 1)) (4.15.0)
Requirement already satisfied: click>=7.0 in /usr/lib/python3.13/site-packages (from uvicorn->-r requirements.txt (line 2)) (8.1.7)
Requirement already satisfied: h11>=0.8 in /usr/lib/python3.13/site-packages (from uvicorn->-r requirements.txt (line 2)) (0.14.0)
Requirement already satisfied: annotated-types>=0.6.0 in /home/marc/.local/lib/python3.13/site-packages (from pydantic!=1.8,!=1.8.1,!=2.0.0,!=2.0.1,!=2.1.0,<3.0.0,>=1.7.4->fastapi->-r requirements.txt (line 1)) (0.7.0)
Requirement already satisfied: pydantic-core==2.41.5 in /home/marc/.local/lib/python3.13/site-packages (from pydantic!=1.8,!=1.8.1,!=2.0.0,!=2.0.1,!=2.1.0,<3.0.0,>=1.7.4->fastapi->-r requirements.txt (line 1)) (2.41.5)
Requirement already satisfied: typing-inspection>=0.4.2 in /home/marc/.local/lib/python3.13/site-packages (from pydantic!=1.8,!=1.8.1,!=2.0.0,!=2.0.1,!=2.1.0,<3.0.0,>=1.7.4->fastapi->-r requirements.txt (line 1)) (0.4.2)
Requirement already satisfied: anyio<5,>=3.4.0 in /usr/lib/python3.13/site-packages (from starlette<0.36.0,>=0.35.0->fastapi->-r requirements.txt (line 1)) (4.8.0)
Requirement already satisfied: idna>=2.8 in /usr/lib/python3.13/site-packages (from anyio<5,>=3.4.0->starlette<0.36.0,>=0.35.0->fastapi->-r requirements.txt (line 1)) (3.10)
Requirement already satisfied: sniffio>=1.1 in /usr/lib/python3.13/site-packages (from anyio<5,>=3.4.0->starlette<0.36.0,>=0.35.0->fastapi->-r requirements.txt (line 1)) (1.3.1)
Building CodeAtlas UI...
Traceback (most recent call last):
  File "/home/marc/Verba-mvp/CodeAtlas/engine/main.py", line 5, in <module>
    from engine.graph_manager import GraphManager
ModuleNotFoundError: No module named 'engine'

up to date, audited 530 packages in 2s

109 packages are looking for funding
  run `npm fund` for details

2 moderate severity vulnerabilities

To address all issues, run:
  npm audit fix

Run `npm audit` for details.

> ui@0.0.0 build
> vite build

vite v8.0.3 building client environment for production...
[2Ktransforming...✓ 1892 modules transformed.
rendering chunks...
✗ Build failed in 302ms
error during build:
Build failed with 1 error:

[31m[MISSING_EXPORT] Error:[0m "default" is not exported by "node_modules/@xyflow/react/dist/esm/index.js".
   [38;5;246m╭[0m[38;5;246m─[0m[38;5;246m[[0m src/App.tsx:3:8 [38;5;246m][0m
   [38;5;246m│[0m
 [38;5;246m3 │[0m [38;5;249mi[0m[38;5;249mm[0m[38;5;249mp[0m[38;5;249mo[0m[38;5;249mr[0m[38;5;249mt[0m[38;5;249m [0mReactFlow[38;5;249m,[0m[38;5;249m [0m[38;5;249m{[0m[38;5;249m [0m[38;5;249mM[0m[38;5;249mi[0m[38;5;249mn[0m[38;5;249mi[0m[38;5;249mM[0m[38;5;249ma[0m[38;5;249mp[0m[38;5;249m,[0m[38;5;249m [0m[38;5;249mC[0m[38;5;249mo[0m[38;5;249mn[0m[38;5;249mt[0m[38;5;249mr[0m[38;5;249mo[0m[38;5;249ml[0m[38;5;249ms[0m[38;5;249m,[0m[38;5;249m [0m[38;5;249mB[0m[38;5;249ma[0m[38;5;249mc[0m[38;5;249mk[0m[38;5;249mg[0m[38;5;249mr[0m[38;5;249mo[0m[38;5;249mu[0m[38;5;249mn[0m[38;5;249md[0m[38;5;249m,[0m[38;5;249m [0m[38;5;249mu[0m[38;5;249ms[0m[38;5;249me[0m[38;5;249mN[0m[38;5;249mo[0m[38;5;249md[0m[38;5;249me[0m[38;5;249ms[0m[38;5;249mS[0m[38;5;249mt[0m[38;5;249ma[0m[38;5;249mt[0m[38;5;249me[0m[38;5;249m,[0m[38;5;249m [0m[38;5;249mu[0m[38;5;249ms[0m[38;5;249me[0m[38;5;249mE[0m[38;5;249md[0m[38;5;249mg[0m[38;5;249me[0m[38;5;249ms[0m[38;5;249mS[0m[38;5;249mt[0m[38;5;249ma[0m[38;5;249mt[0m[38;5;249me[0m[38;5;249m,[0m[38;5;249m [0m[38;5;249ma[0m[38;5;249md[0m[38;5;249md[0m[38;5;249mE[0m[38;5;249md[0m[38;5;249mg[0m[38;5;249me[0m[38;5;249m,[0m[38;5;249m [0m[38;5;249mR[0m[38;5;249me[0m[38;5;249ma[0m[38;5;249mc[0m[38;5;249mt[0m[38;5;249mF[0m[38;5;249ml[0m[38;5;249mo[0m[38;5;249mw[0m[38;5;249mP[0m[38;5;249mr[0m[38;5;249mo[0m[38;5;249mv[0m[38;5;249mi[0m[38;5;249md[0m[38;5;249me[0m[38;5;249mr[0m[38;5;249m [0m[38;5;249m}[0m[38;5;249m [0m[38;5;249mf[0m[38;5;249mr[0m[38;5;249mo[0m[38;5;249mm[0m[38;5;249m [0m[38;5;249m"[0m[38;5;249m@[0m[38;5;249mx[0m[38;5;249my[0m[38;5;249mf[0m[38;5;249ml[0m[38;5;249mo[0m[38;5;249mw[0m[38;5;249m/[0m[38;5;249mr[0m[38;5;249me[0m[38;5;249ma[0m[38;5;249mc[0m[38;5;249mt[0m[38;5;249m"[0m[38;5;249m;[0m
 [38;5;240m  │[0m        ────┬────  
 [38;5;240m  │[0m            ╰────── Missing export
[38;5;246m───╯[0m

    at aggregateBindingErrorsIntoJsError (file:///home/marc/Verba-mvp/CodeAtlas/ui/node_modules/rolldown/dist/shared/error-BLhcSyeg.mjs:48:18)
    at unwrapBindingResult (file:///home/marc/Verba-mvp/CodeAtlas/ui/node_modules/rolldown/dist/shared/error-BLhcSyeg.mjs:18:128)
    at #build (file:///home/marc/Verba-mvp/CodeAtlas/ui/node_modules/rolldown/dist/shared/rolldown-build-CPrIX9V6.mjs:3313:34)
    at async buildEnvironment (file:///home/marc/Verba-mvp/CodeAtlas/ui/node_modules/vite/dist/node/chunks/node.js:32849:64)
    at async Object.build (file:///home/marc/Verba-mvp/CodeAtlas/ui/node_modules/vite/dist/node/chunks/node.js:33271:19)
    at async Object.buildApp (file:///home/marc/Verba-mvp/CodeAtlas/ui/node_modules/vite/dist/node/chunks/node.js:33268:153)
    at async CAC.<anonymous> (file:///home/marc/Verba-mvp/CodeAtlas/ui/node_modules/vite/dist/node/cli.js:778:3) {
  errors: [Getter/Setter]
}
Launching Standalone Application...
CodeAtlas is running. Press Ctrl+C to stop.
(node:143002) electron: Failed to load URL: file:///home/marc/Verba-mvp/CodeAtlas/ui/dist/index.html with error: ERR_FILE_NOT_FOUND
(Use `electron --trace-warnings ...` to show where the warning was created)
