nohup: ignoring input
Starting CodeAtlas Engine...
Defaulting to user installation because normal site-packages is not writeable
Requirement already satisfied: fastapi in /home/marc/.local/lib/python3.13/site-packages (from -r requirements.txt (line 1)) (0.109.0)
Requirement already satisfied: uvicorn in /home/marc/.local/lib/python3.13/site-packages (from -r requirements.txt (line 2)) (0.27.0)
Requirement already satisfied: websockets in /home/marc/.local/lib/python3.13/site-packages (from -r requirements.txt (line 3)) (15.0.1)
Requirement already satisfied: networkx in /home/marc/.local/lib/python3.13/site-packages (from -r requirements.txt (line 4)) (3.6.1)
Requirement already satisfied: tree-sitter in /home/marc/.local/lib/python3.13/site-packages (from -r requirements.txt (line 5)) (0.25.2)
Requirement already satisfied: python-multipart in /home/marc/.local/lib/python3.13/site-packages (from -r requirements.txt (line 6)) (0.0.6)
Requirement already satisfied: pydantic!=1.8,!=1.8.1,!=2.0.0,!=2.0.1,!=2.1.0,<3.0.0,>=1.7.4 in /home/marc/.local/lib/python3.13/site-packages (from fastapi->-r requirements.txt (line 1)) (2.12.4)
Requirement already satisfied: starlette<0.36.0,>=0.35.0 in /home/marc/.local/lib/python3.13/site-packages (from fastapi->-r requirements.txt (line 1)) (0.35.1)
Requirement already satisfied: typing-extensions>=4.8.0 in /home/marc/.local/lib/python3.13/site-packages (from fastapi->-r requirements.txt (line 1)) (4.15.0)
Requirement already satisfied: click>=7.0 in /usr/lib/python3.13/site-packages (from uvicorn->-r requirements.txt (line 2)) (8.1.7)
Requirement already satisfied: h11>=0.8 in /usr/lib/python3.13/site-packages (from uvicorn->-r requirements.txt (line 2)) (0.14.0)
Requirement already satisfied: annotated-types>=0.6.0 in /home/marc/.local/lib/python3.13/site-packages (from pydantic!=1.8,!=1.8.1,!=2.0.0,!=2.0.1,!=2.1.0,<3.0.0,>=1.7.4->fastapi->-r requirements.txt (line 1)) (0.7.0)
Requirement already satisfied: pydantic-core==2.41.5 in /home/marc/.local/lib/python3.13/site-packages (from pydantic!=1.8,!=1.8.1,!=2.0.0,!=2.0.1,!=2.1.0,<3.0.0,>=1.7.4->fastapi->-r requirements.txt (line 1)) (2.41.5)
Requirement already satisfied: typing-inspection>=0.4.2 in /home/marc/.local/lib/python3.13/site-packages (from pydantic!=1.8,!=1.8.1,!=2.0.0,!=2.0.1,!=2.1.0,<3.0.0,>=1.7.4->fastapi->-r requirements.txt (line 1)) (0.4.2)
Requirement already satisfied: anyio<5,>=3.4.0 in /usr/lib/python3.13/site-packages (from starlette<0.36.0,>=0.35.0->fastapi->-r requirements.txt (line 1)) (4.8.0)
Requirement already satisfied: idna>=2.8 in /usr/lib/python3.13/site-packages (from anyio<5,>=3.4.0->starlette<0.36.0,>=0.35.0->fastapi->-r requirements.txt (line 1)) (3.10)
Requirement already satisfied: sniffio>=1.1 in /usr/lib/python3.13/site-packages (from anyio<5,>=3.4.0->starlette<0.36.0,>=0.35.0->fastapi->-r requirements.txt (line 1)) (1.3.1)
Building CodeAtlas UI...
Traceback (most recent call last):
  File "/home/marc/Verba-mvp/CodeAtlas/engine/main.py", line 5, in <module>
    from engine.graph_manager import GraphManager
ModuleNotFoundError: No module named 'engine'
